<?xml version="1.0" encoding="UTF-8"?>
<testsuites tests="1" failures="1" disabled="0" errors="0" time="0.669" timestamp="2021-12-10T12:19:04.662" project="DUTS" author="MLT" name="AllTests">
  <testsuite name="recorderTestCase/RecordingTest" tests="1" failures="1" disabled="0" skipped="0" errors="0" time="0.669" timestamp="2021-12-10T12:19:04.662" tags="">
    <testcase name="recording_test/NormalModeTest" value_param="&quot;NormalModeTest&quot;" status="run" result="completed" time="0.669" timestamp="2021-12-10T12:19:04.662" classname="recorderTestCase/RecordingTest">
      <failure message="/home/B210101/duts_project/dvrs_media_framework/sample_app/dmf_unit_test_suite/test_managers/auto_test_manager/test_verifier/src/test_verifier.cpp:310&#x0A;The difference between tar_duration and act_duration is 60, which exceeds tolerance_sec, where&#x0A;tar_duration evaluates to 60,&#x0A;act_duration evaluates to 0, and&#x0A;tolerance_sec evaluates to 1.&#x0A;&lt;br&gt;##########DetailTrace##########&lt;/br&gt;[Front DrivingNormal] target duration: 60.000000sec actual duration: 0.000000sec" type=""><![CDATA[/home/B210101/duts_project/dvrs_media_framework/sample_app/dmf_unit_test_suite/test_managers/auto_test_manager/test_verifier/src/test_verifier.cpp:310
The difference between tar_duration and act_duration is 60, which exceeds tolerance_sec, where
tar_duration evaluates to 60,
act_duration evaluates to 0, and
tolerance_sec evaluates to 1.
<br>##########DetailTrace##########</br>[Front DrivingNormal] target duration: 60.000000sec actual duration: 0.000000sec]]></failure>
      <failure message="/home/B210101/duts_project/dvrs_media_framework/sample_app/dmf_unit_test_suite/test_managers/auto_test_manager/test_verifier/src/test_verifier.cpp:328&#x0A;The difference between tar_nframes and act_nframes is 1800, which exceeds tolerance_nframes, where&#x0A;tar_nframes evaluates to 1800,&#x0A;act_nframes evaluates to 0, and&#x0A;tolerance_nframes evaluates to 1.&#x0A;&lt;br&gt;##########DetailTrace##########&lt;/br&gt;[Front DrivingNormal] target number of frames: 1800 actual number of frames: 0" type=""><![CDATA[/home/B210101/duts_project/dvrs_media_framework/sample_app/dmf_unit_test_suite/test_managers/auto_test_manager/test_verifier/src/test_verifier.cpp:328
The difference between tar_nframes and act_nframes is 1800, which exceeds tolerance_nframes, where
tar_nframes evaluates to 1800,
act_nframes evaluates to 0, and
tolerance_nframes evaluates to 1.
<br>##########DetailTrace##########</br>[Front DrivingNormal] target number of frames: 1800 actual number of frames: 0]]></failure>
      <failure message="/home/B210101/duts_project/dvrs_media_framework/sample_app/dmf_unit_test_suite/test_managers/auto_test_manager/test_verifier/src/test_verifier.cpp:438&#x0A;Expected equality of these values:&#x0A;  tar_isCreated&#x0A;    Which is: 1&#x0A;  act_isCreated&#x0A;    Which is: 0&#x0A;&lt;br&gt;##########DetailTrace##########&lt;/br&gt;[Front DrivingNormal] target filecreated: Created actual filecreated: Unknown" type=""><![CDATA[/home/B210101/duts_project/dvrs_media_framework/sample_app/dmf_unit_test_suite/test_managers/auto_test_manager/test_verifier/src/test_verifier.cpp:438
Expected equality of these values:
  tar_isCreated
    Which is: 1
  act_isCreated
    Which is: 0
<br>##########DetailTrace##########</br>[Front DrivingNormal] target filecreated: Created actual filecreated: Unknown]]></failure>
      <failure message="/home/B210101/duts_project/dvrs_media_framework/sample_app/dmf_unit_test_suite/test_managers/auto_test_manager/test_verifier/src/test_verifier.cpp:454&#x0A;Expected equality of these values:&#x0A;  tar_num_of_atracks&#x0A;    Which is: 1&#x0A;  act_num_of_atracks&#x0A;    Which is: -1&#x0A;&lt;br&gt;##########DetailTrace##########&lt;/br&gt;[Front DrivingNormal] target number of audio tracks: 1 actual number of audio tracks: -1" type=""><![CDATA[/home/B210101/duts_project/dvrs_media_framework/sample_app/dmf_unit_test_suite/test_managers/auto_test_manager/test_verifier/src/test_verifier.cpp:454
Expected equality of these values:
  tar_num_of_atracks
    Which is: 1
  act_num_of_atracks
    Which is: -1
<br>##########DetailTrace##########</br>[Front DrivingNormal] target number of audio tracks: 1 actual number of audio tracks: -1]]></failure>
      <failure message="/home/B210101/duts_project/dvrs_media_framework/sample_app/dmf_unit_test_suite/test_managers/auto_test_manager/test_verifier/src/test_verifier.cpp:310&#x0A;The difference between tar_duration and act_duration is 60, which exceeds tolerance_sec, where&#x0A;tar_duration evaluates to 60,&#x0A;act_duration evaluates to 0, and&#x0A;tolerance_sec evaluates to 1.&#x0A;&lt;br&gt;##########DetailTrace##########&lt;/br&gt;[Rear DrivingNormal] target duration: 60.000000sec actual duration: 0.000000sec" type=""><![CDATA[/home/B210101/duts_project/dvrs_media_framework/sample_app/dmf_unit_test_suite/test_managers/auto_test_manager/test_verifier/src/test_verifier.cpp:310
The difference between tar_duration and act_duration is 60, which exceeds tolerance_sec, where
tar_duration evaluates to 60,
act_duration evaluates to 0, and
tolerance_sec evaluates to 1.
<br>##########DetailTrace##########</br>[Rear DrivingNormal] target duration: 60.000000sec actual duration: 0.000000sec]]></failure>
      <failure message="/home/B210101/duts_project/dvrs_media_framework/sample_app/dmf_unit_test_suite/test_managers/auto_test_manager/test_verifier/src/test_verifier.cpp:328&#x0A;The difference between tar_nframes and act_nframes is 1800, which exceeds tolerance_nframes, where&#x0A;tar_nframes evaluates to 1800,&#x0A;act_nframes evaluates to 0, and&#x0A;tolerance_nframes evaluates to 1.&#x0A;&lt;br&gt;##########DetailTrace##########&lt;/br&gt;[Rear DrivingNormal] target number of frames: 1800 actual number of frames: 0" type=""><![CDATA[/home/B210101/duts_project/dvrs_media_framework/sample_app/dmf_unit_test_suite/test_managers/auto_test_manager/test_verifier/src/test_verifier.cpp:328
The difference between tar_nframes and act_nframes is 1800, which exceeds tolerance_nframes, where
tar_nframes evaluates to 1800,
act_nframes evaluates to 0, and
tolerance_nframes evaluates to 1.
<br>##########DetailTrace##########</br>[Rear DrivingNormal] target number of frames: 1800 actual number of frames: 0]]></failure>
      <failure message="/home/B210101/duts_project/dvrs_media_framework/sample_app/dmf_unit_test_suite/test_managers/auto_test_manager/test_verifier/src/test_verifier.cpp:438&#x0A;Expected equality of these values:&#x0A;  tar_isCreated&#x0A;    Which is: 1&#x0A;  act_isCreated&#x0A;    Which is: 0&#x0A;&lt;br&gt;##########DetailTrace##########&lt;/br&gt;[Rear DrivingNormal] target filecreated: Created actual filecreated: Unknown" type=""><![CDATA[/home/B210101/duts_project/dvrs_media_framework/sample_app/dmf_unit_test_suite/test_managers/auto_test_manager/test_verifier/src/test_verifier.cpp:438
Expected equality of these values:
  tar_isCreated
    Which is: 1
  act_isCreated
    Which is: 0
<br>##########DetailTrace##########</br>[Rear DrivingNormal] target filecreated: Created actual filecreated: Unknown]]></failure>
      <failure message="/home/B210101/duts_project/dvrs_media_framework/sample_app/dmf_unit_test_suite/test_managers/auto_test_manager/test_verifier/src/test_verifier.cpp:454&#x0A;Expected equality of these values:&#x0A;  tar_num_of_atracks&#x0A;    Which is: 1&#x0A;  act_num_of_atracks&#x0A;    Which is: -1&#x0A;&lt;br&gt;##########DetailTrace##########&lt;/br&gt;[Rear DrivingNormal] target number of audio tracks: 1 actual number of audio tracks: -1" type=""><![CDATA[/home/B210101/duts_project/dvrs_media_framework/sample_app/dmf_unit_test_suite/test_managers/auto_test_manager/test_verifier/src/test_verifier.cpp:454
Expected equality of these values:
  tar_num_of_atracks
    Which is: 1
  act_num_of_atracks
    Which is: -1
<br>##########DetailTrace##########</br>[Rear DrivingNormal] target number of audio tracks: 1 actual number of audio tracks: -1]]></failure>
      <failure message="/home/B210101/duts_project/dvrs_media_framework/sample_app/dmf_unit_test_suite/test_managers/auto_test_manager/test_verifier/src/test_verifier.cpp:310&#x0A;The difference between tar_duration and act_duration is 60, which exceeds tolerance_sec, where&#x0A;tar_duration evaluates to 60,&#x0A;act_duration evaluates to 0, and&#x0A;tolerance_sec evaluates to 1.&#x0A;&lt;br&gt;##########DetailTrace##########&lt;/br&gt;[Left DrivingNormal] target duration: 60.000000sec actual duration: 0.000000sec" type=""><![CDATA[/home/B210101/duts_project/dvrs_media_framework/sample_app/dmf_unit_test_suite/test_managers/auto_test_manager/test_verifier/src/test_verifier.cpp:310
The difference between tar_duration and act_duration is 60, which exceeds tolerance_sec, where
tar_duration evaluates to 60,
act_duration evaluates to 0, and
tolerance_sec evaluates to 1.
<br>##########DetailTrace##########</br>[Left DrivingNormal] target duration: 60.000000sec actual duration: 0.000000sec]]></failure>
      <failure message="/home/B210101/duts_project/dvrs_media_framework/sample_app/dmf_unit_test_suite/test_managers/auto_test_manager/test_verifier/src/test_verifier.cpp:328&#x0A;The difference between tar_nframes and act_nframes is 1800, which exceeds tolerance_nframes, where&#x0A;tar_nframes evaluates to 1800,&#x0A;act_nframes evaluates to 0, and&#x0A;tolerance_nframes evaluates to 1.&#x0A;&lt;br&gt;##########DetailTrace##########&lt;/br&gt;[Left DrivingNormal] target number of frames: 1800 actual number of frames: 0" type=""><![CDATA[/home/B210101/duts_project/dvrs_media_framework/sample_app/dmf_unit_test_suite/test_managers/auto_test_manager/test_verifier/src/test_verifier.cpp:328
The difference between tar_nframes and act_nframes is 1800, which exceeds tolerance_nframes, where
tar_nframes evaluates to 1800,
act_nframes evaluates to 0, and
tolerance_nframes evaluates to 1.
<br>##########DetailTrace##########</br>[Left DrivingNormal] target number of frames: 1800 actual number of frames: 0]]></failure>
      <failure message="/home/B210101/duts_project/dvrs_media_framework/sample_app/dmf_unit_test_suite/test_managers/auto_test_manager/test_verifier/src/test_verifier.cpp:438&#x0A;Expected equality of these values:&#x0A;  tar_isCreated&#x0A;    Which is: 1&#x0A;  act_isCreated&#x0A;    Which is: 0&#x0A;&lt;br&gt;##########DetailTrace##########&lt;/br&gt;[Left DrivingNormal] target filecreated: Created actual filecreated: Unknown" type=""><![CDATA[/home/B210101/duts_project/dvrs_media_framework/sample_app/dmf_unit_test_suite/test_managers/auto_test_manager/test_verifier/src/test_verifier.cpp:438
Expected equality of these values:
  tar_isCreated
    Which is: 1
  act_isCreated
    Which is: 0
<br>##########DetailTrace##########</br>[Left DrivingNormal] target filecreated: Created actual filecreated: Unknown]]></failure>
      <failure message="/home/B210101/duts_project/dvrs_media_framework/sample_app/dmf_unit_test_suite/test_managers/auto_test_manager/test_verifier/src/test_verifier.cpp:454&#x0A;Expected equality of these values:&#x0A;  tar_num_of_atracks&#x0A;    Which is: 1&#x0A;  act_num_of_atracks&#x0A;    Which is: -1&#x0A;&lt;br&gt;##########DetailTrace##########&lt;/br&gt;[Left DrivingNormal] target number of audio tracks: 1 actual number of audio tracks: -1" type=""><![CDATA[/home/B210101/duts_project/dvrs_media_framework/sample_app/dmf_unit_test_suite/test_managers/auto_test_manager/test_verifier/src/test_verifier.cpp:454
Expected equality of these values:
  tar_num_of_atracks
    Which is: 1
  act_num_of_atracks
    Which is: -1
<br>##########DetailTrace##########</br>[Left DrivingNormal] target number of audio tracks: 1 actual number of audio tracks: -1]]></failure>
      <failure message="/home/B210101/duts_project/dvrs_media_framework/sample_app/dmf_unit_test_suite/test_managers/auto_test_manager/test_verifier/src/test_verifier.cpp:310&#x0A;The difference between tar_duration and act_duration is 60, which exceeds tolerance_sec, where&#x0A;tar_duration evaluates to 60,&#x0A;act_duration evaluates to 0, and&#x0A;tolerance_sec evaluates to 1.&#x0A;&lt;br&gt;##########DetailTrace##########&lt;/br&gt;[Right DrivingNormal] target duration: 60.000000sec actual duration: 0.000000sec" type=""><![CDATA[/home/B210101/duts_project/dvrs_media_framework/sample_app/dmf_unit_test_suite/test_managers/auto_test_manager/test_verifier/src/test_verifier.cpp:310
The difference between tar_duration and act_duration is 60, which exceeds tolerance_sec, where
tar_duration evaluates to 60,
act_duration evaluates to 0, and
tolerance_sec evaluates to 1.
<br>##########DetailTrace##########</br>[Right DrivingNormal] target duration: 60.000000sec actual duration: 0.000000sec]]></failure>
      <failure message="/home/B210101/duts_project/dvrs_media_framework/sample_app/dmf_unit_test_suite/test_managers/auto_test_manager/test_verifier/src/test_verifier.cpp:328&#x0A;The difference between tar_nframes and act_nframes is 1800, which exceeds tolerance_nframes, where&#x0A;tar_nframes evaluates to 1800,&#x0A;act_nframes evaluates to 0, and&#x0A;tolerance_nframes evaluates to 1.&#x0A;&lt;br&gt;##########DetailTrace##########&lt;/br&gt;[Right DrivingNormal] target number of frames: 1800 actual number of frames: 0" type=""><![CDATA[/home/B210101/duts_project/dvrs_media_framework/sample_app/dmf_unit_test_suite/test_managers/auto_test_manager/test_verifier/src/test_verifier.cpp:328
The difference between tar_nframes and act_nframes is 1800, which exceeds tolerance_nframes, where
tar_nframes evaluates to 1800,
act_nframes evaluates to 0, and
tolerance_nframes evaluates to 1.
<br>##########DetailTrace##########</br>[Right DrivingNormal] target number of frames: 1800 actual number of frames: 0]]></failure>
      <failure message="/home/B210101/duts_project/dvrs_media_framework/sample_app/dmf_unit_test_suite/test_managers/auto_test_manager/test_verifier/src/test_verifier.cpp:438&#x0A;Expected equality of these values:&#x0A;  tar_isCreated&#x0A;    Which is: 1&#x0A;  act_isCreated&#x0A;    Which is: 0&#x0A;&lt;br&gt;##########DetailTrace##########&lt;/br&gt;[Right DrivingNormal] target filecreated: Created actual filecreated: Unknown" type=""><![CDATA[/home/B210101/duts_project/dvrs_media_framework/sample_app/dmf_unit_test_suite/test_managers/auto_test_manager/test_verifier/src/test_verifier.cpp:438
Expected equality of these values:
  tar_isCreated
    Which is: 1
  act_isCreated
    Which is: 0
<br>##########DetailTrace##########</br>[Right DrivingNormal] target filecreated: Created actual filecreated: Unknown]]></failure>
      <failure message="/home/B210101/duts_project/dvrs_media_framework/sample_app/dmf_unit_test_suite/test_managers/auto_test_manager/test_verifier/src/test_verifier.cpp:454&#x0A;Expected equality of these values:&#x0A;  tar_num_of_atracks&#x0A;    Which is: 1&#x0A;  act_num_of_atracks&#x0A;    Which is: -1&#x0A;&lt;br&gt;##########DetailTrace##########&lt;/br&gt;[Right DrivingNormal] target number of audio tracks: 1 actual number of audio tracks: -1" type=""><![CDATA[/home/B210101/duts_project/dvrs_media_framework/sample_app/dmf_unit_test_suite/test_managers/auto_test_manager/test_verifier/src/test_verifier.cpp:454
Expected equality of these values:
  tar_num_of_atracks
    Which is: 1
  act_num_of_atracks
    Which is: -1
<br>##########DetailTrace##########</br>[Right DrivingNormal] target number of audio tracks: 1 actual number of audio tracks: -1]]></failure>
<properties>
<property name="tags" value=""/>
</properties>
    </testcase>
  </testsuite>
</testsuites>
